<?xml version="1.0" encoding="UTF-8"?>
<!-- Generated by org.testng.reporters.JUnitReportReporter -->
<testsuite hostname="WIN-1T0II80NT4T" name="com.lkpower.testcase.XrTestCase" tests="1" failures="0" timestamp="1 Feb 2017 09:54:17 GMT" time="5.557" errors="0">
  <testcase name="test" time="5.557" classname="com.lkpower.testcase.XrTestCase"/>
</testsuite> <!-- com.lkpower.testcase.XrTestCase -->
