<?xml version="1.0" encoding="UTF-8"?>
<!-- Generated by org.testng.reporters.JUnitReportReporter -->
<testsuite hostname="WIN-1T0II80NT4T" name="com.lkpower.pageObject.TestBaiduMainPage" tests="4" failures="0" timestamp="1 Feb 2017 19:20:41 GMT" time="44.260" errors="0">
  <testcase name="testClickNewsLink" time="24.567" classname="com.lkpower.pageObject.TestBaiduMainPage"/>
  <testcase name="testClickLoginLink" time="8.401" classname="com.lkpower.pageObject.TestBaiduMainPage"/>
  <testcase name="testSendKeys" time="7.140" classname="com.lkpower.pageObject.TestBaiduMainPage"/>
  <testcase name="testClick" time="4.152" classname="com.lkpower.pageObject.TestBaiduMainPage"/>
</testsuite> <!-- com.lkpower.pageObject.TestBaiduMainPage -->
