<?xml version="1.0" encoding="UTF-8"?>
<!-- Generated by org.testng.reporters.JUnitReportReporter -->
<testsuite hostname="WIN-1T0II80NT4T" name="com.lkpower.utils.TestPicsManagerUtil" tests="1" failures="0" timestamp="1 Feb 2017 07:42:47 GMT" time="2.229" errors="0">
  <testcase name="testPics" time="2.229" classname="com.lkpower.utils.TestPicsManagerUtil"/>
</testsuite> <!-- com.lkpower.utils.TestPicsManagerUtil -->
