<?xml version="1.0" encoding="UTF-8"?>
<!-- Generated by org.testng.reporters.JUnitReportReporter -->
<testsuite hostname="WIN-1T0II80NT4T" name="com.lkpower.pageObject.TestBaiduLoginPage" tests="3" failures="0" timestamp="1 Feb 2017 19:19:38 GMT" time="31.816" errors="0">
  <testcase name="testClickLoginBtn" time="10.996" classname="com.lkpower.pageObject.TestBaiduLoginPage"/>
  <testcase name="testSendPassword" time="10.495" classname="com.lkpower.pageObject.TestBaiduLoginPage"/>
  <testcase name="testSendUserName" time="10.325" classname="com.lkpower.pageObject.TestBaiduLoginPage"/>
</testsuite> <!-- com.lkpower.pageObject.TestBaiduLoginPage -->
