<?xml version="1.0" encoding="UTF-8"?>
<!-- Generated by org.testng.reporters.JUnitReportReporter -->
<testsuite hostname="WIN-1T0II80NT4T" name="com.lkpower.testcase.BaiduLoginPageCase" tests="6" failures="0" timestamp="1 Feb 2017 20:21:23 GMT" time="52.727" errors="0">
  <testcase name="testOnlyUsername" time="8.209" classname="com.lkpower.testcase.BaiduLoginPageCase"/>
  <testcase name="testOnlyPassword" time="8.594" classname="com.lkpower.testcase.BaiduLoginPageCase"/>
  <testcase name="testOnlyPassword" time="8.596" classname="com.lkpower.testcase.BaiduLoginPageCase"/>
  <testcase name="testUsernamePasswdError" time="9.989" classname="com.lkpower.testcase.BaiduLoginPageCase"/>
  <testcase name="testWithoutUserNameAndPwd" time="8.726" classname="com.lkpower.testcase.BaiduLoginPageCase"/>
  <testcase name="testOnlyUsername" time="8.613" classname="com.lkpower.testcase.BaiduLoginPageCase"/>
</testsuite> <!-- com.lkpower.testcase.BaiduLoginPageCase -->
